g:\vrpn-version_07.35\vrpn-version_07.35\quat\pc_win32\debug\quatlib.pdb
g:\vrpn-version_07.35\vrpn-version_07.35\quat\pc_win32\debug\matrix.sbr
g:\vrpn-version_07.35\vrpn-version_07.35\quat\pc_win32\debug\quat.sbr
g:\vrpn-version_07.35\vrpn-version_07.35\quat\pc_win32\debug\vector.sbr
g:\vrpn-version_07.35\vrpn-version_07.35\quat\pc_win32\debug\xyzquat.sbr
g:\vrpn-version_07.35\vrpn-version_07.35\quat\pc_win32\debug\xyzquat.obj
g:\vrpn-version_07.35\vrpn-version_07.35\quat\pc_win32\debug\vector.obj
g:\vrpn-version_07.35\vrpn-version_07.35\quat\pc_win32\debug\quat.obj
g:\vrpn-version_07.35\vrpn-version_07.35\quat\pc_win32\debug\matrix.obj
g:\vrpn-version_07.35\vrpn-version_07.35\quat\pc_win32\debug\quat.lib
g:\vrpn-version_07.35\vrpn-version_07.35\quat\pc_win32\debug\quatlib.bsc
g:\vrpn-version_07.35\vrpn-version_07.35\quat\pc_win32\debug\quatlib.tlog\cl.read.1.tlog
g:\vrpn-version_07.35\vrpn-version_07.35\quat\pc_win32\debug\quatlib.tlog\cl.write.1.tlog
g:\vrpn-version_07.35\vrpn-version_07.35\quat\pc_win32\debug\quatlib.tlog\cl.command.1.tlog
g:\vrpn-version_07.35\vrpn-version_07.35\quat\pc_win32\debug\quatlib.tlog\lib-link.read.1.tlog
g:\vrpn-version_07.35\vrpn-version_07.35\quat\pc_win32\debug\quatlib.tlog\lib-link.write.1.tlog
g:\vrpn-version_07.35\vrpn-version_07.35\quat\pc_win32\debug\quatlib.tlog\lib.command.1.tlog
g:\vrpn-version_07.35\vrpn-version_07.35\quat\pc_win32\debug\quatlib.tlog\bscmake.read.1.tlog
g:\vrpn-version_07.35\vrpn-version_07.35\quat\pc_win32\debug\quatlib.tlog\bscmake.write.1.tlog
g:\vrpn-version_07.35\vrpn-version_07.35\quat\pc_win32\debug\quatlib.tlog\bscmake.command.1.tlog
