  vrpn.C
  vrpn_Generic_server_object.C
G:\vrpn-version_07.35\vrpn-version_07.35\vrpn_Tracker_OSVRHackerDevKit.h(1,1): warning C4819: 该文件包含不能在当前代码页(936)中表示的字符。请将该文件保存为 Unicode 格式以防止数据丢失
G:\vrpn-version_07.35\vrpn-version_07.35\vrpn_Tracker_TrivisioColibri.h(1,1): warning C4819: 该文件包含不能在当前代码页(936)中表示的字符。请将该文件保存为 Unicode 格式以防止数据丢失
  正在生成代码...
gpsnmealib.lib(nmeaParser.obj) : warning LNK4075: 忽略“/EDITANDCONTINUE”(由于“/SAFESEH”规范)
vrpn.lib(vrpn_3DConnexion.obj) : warning LNK4099: 未找到 PDB“”(使用“vrpn.lib(vrpn_3DConnexion.obj)”或在“”中寻找)；正在链接对象，如同没有调试信息一样
vrpn.lib(vrpn_3Space.obj) : warning LNK4099: 未找到 PDB“”(使用“vrpn.lib(vrpn_3Space.obj)”或在“”中寻找)；正在链接对象，如同没有调试信息一样
vrpn.lib(vrpn_5DT16.obj) : warning LNK4099: 未找到 PDB“”(使用“vrpn.lib(vrpn_5DT16.obj)”或在“”中寻找)；正在链接对象，如同没有调试信息一样
vrpn.lib(vrpn_ADBox.obj) : warning LNK4099: 未找到 PDB“”(使用“vrpn.lib(vrpn_ADBox.obj)”或在“”中寻找)；正在链接对象，如同没有调试信息一样
vrpn.lib(vrpn_Analog.obj) : warning LNK4099: 未找到 PDB“”(使用“vrpn.lib(vrpn_Analog.obj)”或在“”中寻找)；正在链接对象，如同没有调试信息一样
vrpn.lib(vrpn_Analog_5dt.obj) : warning LNK4099: 未找到 PDB“”(使用“vrpn.lib(vrpn_Analog_5dt.obj)”或在“”中寻找)；正在链接对象，如同没有调试信息一样
vrpn.lib(vrpn_Analog_Output.obj) : warning LNK4099: 未找到 PDB“”(使用“vrpn.lib(vrpn_Analog_Output.obj)”或在“”中寻找)；正在链接对象，如同没有调试信息一样
vrpn.lib(vrpn_Analog_Radamec_SPI.obj) : warning LNK4099: 未找到 PDB“”(使用“vrpn.lib(vrpn_Analog_Radamec_SPI.obj)”或在“”中寻找)；正在链接对象，如同没有调试信息一样
vrpn.lib(vrpn_Analog_USDigital_A2.obj) : warning LNK4099: 未找到 PDB“”(使用“vrpn.lib(vrpn_Analog_USDigital_A2.obj)”或在“”中寻找)；正在链接对象，如同没有调试信息一样
vrpn.lib(vrpn_Auxiliary_Logger.obj) : warning LNK4099: 未找到 PDB“”(使用“vrpn.lib(vrpn_Auxiliary_Logger.obj)”或在“”中寻找)；正在链接对象，如同没有调试信息一样
vrpn.lib(vrpn_BaseClass.obj) : warning LNK4099: 未找到 PDB“”(使用“vrpn.lib(vrpn_BaseClass.obj)”或在“”中寻找)；正在链接对象，如同没有调试信息一样
vrpn.lib(vrpn_BiosciencesTools.obj) : warning LNK4099: 未找到 PDB“”(使用“vrpn.lib(vrpn_BiosciencesTools.obj)”或在“”中寻找)；正在链接对象，如同没有调试信息一样
vrpn.lib(vrpn_Button.obj) : warning LNK4099: 未找到 PDB“”(使用“vrpn.lib(vrpn_Button.obj)”或在“”中寻找)；正在链接对象，如同没有调试信息一样
vrpn.lib(vrpn_Button_NI_DIO24.obj) : warning LNK4099: 未找到 PDB“”(使用“vrpn.lib(vrpn_Button_NI_DIO24.obj)”或在“”中寻找)；正在链接对象，如同没有调试信息一样
vrpn.lib(vrpn_Button_USB.obj) : warning LNK4099: 未找到 PDB“”(使用“vrpn.lib(vrpn_Button_USB.obj)”或在“”中寻找)；正在链接对象，如同没有调试信息一样
vrpn.lib(vrpn_CerealBox.obj) : warning LNK4099: 未找到 PDB“”(使用“vrpn.lib(vrpn_CerealBox.obj)”或在“”中寻找)；正在链接对象，如同没有调试信息一样
vrpn.lib(vrpn_Connection.obj) : warning LNK4099: 未找到 PDB“”(使用“vrpn.lib(vrpn_Connection.obj)”或在“”中寻找)；正在链接对象，如同没有调试信息一样
vrpn.lib(vrpn_Dial.obj) : warning LNK4099: 未找到 PDB“”(使用“vrpn.lib(vrpn_Dial.obj)”或在“”中寻找)；正在链接对象，如同没有调试信息一样
vrpn.lib(vrpn_Dyna.obj) : warning LNK4099: 未找到 PDB“”(使用“vrpn.lib(vrpn_Dyna.obj)”或在“”中寻找)；正在链接对象，如同没有调试信息一样
vrpn.lib(vrpn_EndpointContainer.obj) : warning LNK4099: 未找到 PDB“”(使用“vrpn.lib(vrpn_EndpointContainer.obj)”或在“”中寻找)；正在链接对象，如同没有调试信息一样
vrpn.lib(vrpn_Event.obj) : warning LNK4099: 未找到 PDB“”(使用“vrpn.lib(vrpn_Event.obj)”或在“”中寻找)；正在链接对象，如同没有调试信息一样
vrpn.lib(vrpn_Event_Analog.obj) : warning LNK4099: 未找到 PDB“”(使用“vrpn.lib(vrpn_Event_Analog.obj)”或在“”中寻找)；正在链接对象，如同没有调试信息一样
vrpn.lib(vrpn_Event_Mouse.obj) : warning LNK4099: 未找到 PDB“”(使用“vrpn.lib(vrpn_Event_Mouse.obj)”或在“”中寻找)；正在链接对象，如同没有调试信息一样
vrpn.lib(vrpn_FileConnection.obj) : warning LNK4099: 未找到 PDB“”(使用“vrpn.lib(vrpn_FileConnection.obj)”或在“”中寻找)；正在链接对象，如同没有调试信息一样
vrpn.lib(vrpn_Flock.obj) : warning LNK4099: 未找到 PDB“”(使用“vrpn.lib(vrpn_Flock.obj)”或在“”中寻找)；正在链接对象，如同没有调试信息一样
vrpn.lib(vrpn_Flock_Parallel.obj) : warning LNK4099: 未找到 PDB“”(使用“vrpn.lib(vrpn_Flock_Parallel.obj)”或在“”中寻找)；正在链接对象，如同没有调试信息一样
vrpn.lib(vrpn_Forwarder.obj) : warning LNK4099: 未找到 PDB“”(使用“vrpn.lib(vrpn_Forwarder.obj)”或在“”中寻找)；正在链接对象，如同没有调试信息一样
vrpn.lib(vrpn_ForwarderController.obj) : warning LNK4099: 未找到 PDB“”(使用“vrpn.lib(vrpn_ForwarderController.obj)”或在“”中寻找)；正在链接对象，如同没有调试信息一样
vrpn.lib(vrpn_GlobalHapticsOrb.obj) : warning LNK4099: 未找到 PDB“”(使用“vrpn.lib(vrpn_GlobalHapticsOrb.obj)”或在“”中寻找)；正在链接对象，如同没有调试信息一样
vrpn.lib(vrpn_IDEA.obj) : warning LNK4099: 未找到 PDB“”(使用“vrpn.lib(vrpn_IDEA.obj)”或在“”中寻找)；正在链接对象，如同没有调试信息一样
vrpn.lib(vrpn_Imager.obj) : warning LNK4099: 未找到 PDB“”(使用“vrpn.lib(vrpn_Imager.obj)”或在“”中寻找)；正在链接对象，如同没有调试信息一样
vrpn.lib(vrpn_Imager_Stream_Buffer.obj) : warning LNK4099: 未找到 PDB“”(使用“vrpn.lib(vrpn_Imager_Stream_Buffer.obj)”或在“”中寻找)；正在链接对象，如同没有调试信息一样
vrpn.lib(vrpn_ImmersionBox.obj) : warning LNK4099: 未找到 PDB“”(使用“vrpn.lib(vrpn_ImmersionBox.obj)”或在“”中寻找)；正在链接对象，如同没有调试信息一样
vrpn.lib(vrpn_inertiamouse.obj) : warning LNK4099: 未找到 PDB“”(使用“vrpn.lib(vrpn_inertiamouse.obj)”或在“”中寻找)；正在链接对象，如同没有调试信息一样
vrpn.lib(vrpn_Joywin32.obj) : warning LNK4099: 未找到 PDB“”(使用“vrpn.lib(vrpn_Joywin32.obj)”或在“”中寻找)；正在链接对象，如同没有调试信息一样
vrpn.lib(vrpn_Keyboard.obj) : warning LNK4099: 未找到 PDB“”(使用“vrpn.lib(vrpn_Keyboard.obj)”或在“”中寻找)；正在链接对象，如同没有调试信息一样
vrpn.lib(vrpn_Magellan.obj) : warning LNK4099: 未找到 PDB“”(使用“vrpn.lib(vrpn_Magellan.obj)”或在“”中寻找)；正在链接对象，如同没有调试信息一样
vrpn.lib(vrpn_Mouse.obj) : warning LNK4099: 未找到 PDB“”(使用“vrpn.lib(vrpn_Mouse.obj)”或在“”中寻找)；正在链接对象，如同没有调试信息一样
vrpn.lib(vrpn_nikon_controls.obj) : warning LNK4099: 未找到 PDB“”(使用“vrpn.lib(vrpn_nikon_controls.obj)”或在“”中寻找)；正在链接对象，如同没有调试信息一样
vrpn.lib(vrpn_Poser.obj) : warning LNK4099: 未找到 PDB“”(使用“vrpn.lib(vrpn_Poser.obj)”或在“”中寻找)；正在链接对象，如同没有调试信息一样
vrpn.lib(vrpn_Poser_Analog.obj) : warning LNK4099: 未找到 PDB“”(使用“vrpn.lib(vrpn_Poser_Analog.obj)”或在“”中寻找)；正在链接对象，如同没有调试信息一样
vrpn.lib(vrpn_Poser_Tek4662.obj) : warning LNK4099: 未找到 PDB“”(使用“vrpn.lib(vrpn_Poser_Tek4662.obj)”或在“”中寻找)；正在链接对象，如同没有调试信息一样
vrpn.lib(vrpn_raw_sgibox.obj) : warning LNK4099: 未找到 PDB“”(使用“vrpn.lib(vrpn_raw_sgibox.obj)”或在“”中寻找)；正在链接对象，如同没有调试信息一样
vrpn.lib(vrpn_Serial.obj) : warning LNK4099: 未找到 PDB“”(使用“vrpn.lib(vrpn_Serial.obj)”或在“”中寻找)；正在链接对象，如同没有调试信息一样
vrpn.lib(vrpn_Shared.obj) : warning LNK4099: 未找到 PDB“”(使用“vrpn.lib(vrpn_Shared.obj)”或在“”中寻找)；正在链接对象，如同没有调试信息一样
vrpn.lib(vrpn_Spaceball.obj) : warning LNK4099: 未找到 PDB“”(使用“vrpn.lib(vrpn_Spaceball.obj)”或在“”中寻找)；正在链接对象，如同没有调试信息一样
vrpn.lib(vrpn_Streaming_Arduino.obj) : warning LNK4099: 未找到 PDB“”(使用“vrpn.lib(vrpn_Streaming_Arduino.obj)”或在“”中寻找)；正在链接对象，如同没有调试信息一样
vrpn.lib(vrpn_Thread.obj) : warning LNK4099: 未找到 PDB“”(使用“vrpn.lib(vrpn_Thread.obj)”或在“”中寻找)；正在链接对象，如同没有调试信息一样
vrpn.lib(vrpn_Tng3.obj) : warning LNK4099: 未找到 PDB“”(使用“vrpn.lib(vrpn_Tng3.obj)”或在“”中寻找)；正在链接对象，如同没有调试信息一样
vrpn.lib(vrpn_Tracker.obj) : warning LNK4099: 未找到 PDB“”(使用“vrpn.lib(vrpn_Tracker.obj)”或在“”中寻找)；正在链接对象，如同没有调试信息一样
vrpn.lib(vrpn_Tracker_3DMouse.obj) : warning LNK4099: 未找到 PDB“”(使用“vrpn.lib(vrpn_Tracker_3DMouse.obj)”或在“”中寻找)；正在链接对象，如同没有调试信息一样
vrpn.lib(vrpn_Tracker_AnalogFly.obj) : warning LNK4099: 未找到 PDB“”(使用“vrpn.lib(vrpn_Tracker_AnalogFly.obj)”或在“”中寻找)；正在链接对象，如同没有调试信息一样
vrpn.lib(vrpn_Tracker_ButtonFly.obj) : warning LNK4099: 未找到 PDB“”(使用“vrpn.lib(vrpn_Tracker_ButtonFly.obj)”或在“”中寻找)；正在链接对象，如同没有调试信息一样
vrpn.lib(vrpn_Tracker_Crossbow.obj) : warning LNK4099: 未找到 PDB“”(使用“vrpn.lib(vrpn_Tracker_Crossbow.obj)”或在“”中寻找)；正在链接对象，如同没有调试信息一样
vrpn.lib(vrpn_Tracker_DTrack.obj) : warning LNK4099: 未找到 PDB“”(使用“vrpn.lib(vrpn_Tracker_DTrack.obj)”或在“”中寻找)；正在链接对象，如同没有调试信息一样
vrpn.lib(vrpn_Tracker_Fastrak.obj) : warning LNK4099: 未找到 PDB“”(使用“vrpn.lib(vrpn_Tracker_Fastrak.obj)”或在“”中寻找)；正在链接对象，如同没有调试信息一样
vrpn.lib(vrpn_Tracker_Filter.obj) : warning LNK4099: 未找到 PDB“”(使用“vrpn.lib(vrpn_Tracker_Filter.obj)”或在“”中寻找)；正在链接对象，如同没有调试信息一样
vrpn.lib(vrpn_Tracker_GameTrak.obj) : warning LNK4099: 未找到 PDB“”(使用“vrpn.lib(vrpn_Tracker_GameTrak.obj)”或在“”中寻找)；正在链接对象，如同没有调试信息一样
vrpn.lib(vrpn_Tracker_GPS.obj) : warning LNK4099: 未找到 PDB“”(使用“vrpn.lib(vrpn_Tracker_GPS.obj)”或在“”中寻找)；正在链接对象，如同没有调试信息一样
vrpn.lib(vrpn_Tracker_IMU.obj) : warning LNK4099: 未找到 PDB“”(使用“vrpn.lib(vrpn_Tracker_IMU.obj)”或在“”中寻找)；正在链接对象，如同没有调试信息一样
vrpn.lib(vrpn_Tracker_Isotrak.obj) : warning LNK4099: 未找到 PDB“”(使用“vrpn.lib(vrpn_Tracker_Isotrak.obj)”或在“”中寻找)；正在链接对象，如同没有调试信息一样
vrpn.lib(vrpn_Tracker_Liberty.obj) : warning LNK4099: 未找到 PDB“”(使用“vrpn.lib(vrpn_Tracker_Liberty.obj)”或在“”中寻找)；正在链接对象，如同没有调试信息一样
vrpn.lib(vrpn_Tracker_NDI_Polaris.obj) : warning LNK4099: 未找到 PDB“”(使用“vrpn.lib(vrpn_Tracker_NDI_Polaris.obj)”或在“”中寻找)；正在链接对象，如同没有调试信息一样
vrpn.lib(vrpn_Tracker_WiimoteHead.obj) : warning LNK4099: 未找到 PDB“”(使用“vrpn.lib(vrpn_Tracker_WiimoteHead.obj)”或在“”中寻找)；正在链接对象，如同没有调试信息一样
vrpn.lib(vrpn_UNC_Joystick.obj) : warning LNK4099: 未找到 PDB“”(使用“vrpn.lib(vrpn_UNC_Joystick.obj)”或在“”中寻找)；正在链接对象，如同没有调试信息一样
vrpn.lib(vrpn_VPJoystick.obj) : warning LNK4099: 未找到 PDB“”(使用“vrpn.lib(vrpn_VPJoystick.obj)”或在“”中寻找)；正在链接对象，如同没有调试信息一样
vrpn.lib(vrpn_Wanda.obj) : warning LNK4099: 未找到 PDB“”(使用“vrpn.lib(vrpn_Wanda.obj)”或在“”中寻找)；正在链接对象，如同没有调试信息一样
vrpn.lib(vrpn_YEI_3Space.obj) : warning LNK4099: 未找到 PDB“”(使用“vrpn.lib(vrpn_YEI_3Space.obj)”或在“”中寻找)；正在链接对象，如同没有调试信息一样
vrpn.lib(vrpn_Zaber.obj) : warning LNK4099: 未找到 PDB“”(使用“vrpn.lib(vrpn_Zaber.obj)”或在“”中寻找)；正在链接对象，如同没有调试信息一样
  vrpn_server.vcxproj -> G:\vrpn-version_07.35\vrpn-version_07.35\pc_win32\server_src\vrpn_server\Debug\vrpn_server.exe
