g:\vrpn-version_07.35\vrpn-version_07.35\pc_win32\debug\vrpn.pdb
g:\vrpn-version_07.35\vrpn-version_07.35\pc_win32\debug\vrpn_3dconnexion.sbr
g:\vrpn-version_07.35\vrpn-version_07.35\pc_win32\debug\vrpn_3dmicroscribe.sbr
g:\vrpn-version_07.35\vrpn-version_07.35\pc_win32\debug\vrpn_3space.sbr
g:\vrpn-version_07.35\vrpn-version_07.35\pc_win32\debug\vrpn_5dt16.sbr
g:\vrpn-version_07.35\vrpn-version_07.35\pc_win32\debug\vrpn_adbox.sbr
g:\vrpn-version_07.35\vrpn-version_07.35\pc_win32\debug\vrpn_analog.sbr
g:\vrpn-version_07.35\vrpn-version_07.35\pc_win32\debug\vrpn_analog_5dt.sbr
g:\vrpn-version_07.35\vrpn-version_07.35\pc_win32\debug\vrpn_analog_5dtusb.sbr
g:\vrpn-version_07.35\vrpn-version_07.35\pc_win32\debug\vrpn_analog_output.sbr
g:\vrpn-version_07.35\vrpn-version_07.35\pc_win32\debug\vrpn_analog_radamec_spi.sbr
g:\vrpn-version_07.35\vrpn-version_07.35\pc_win32\debug\vrpn_analog_usdigital_a2.sbr
g:\vrpn-version_07.35\vrpn-version_07.35\pc_win32\debug\vrpn_assert.sbr
g:\vrpn-version_07.35\vrpn-version_07.35\pc_win32\debug\vrpn_auxiliary_logger.sbr
g:\vrpn-version_07.35\vrpn-version_07.35\pc_win32\debug\vrpn_baseclass.sbr
g:\vrpn-version_07.35\vrpn-version_07.35\pc_win32\debug\vrpn_biosciencestools.sbr
g:\vrpn-version_07.35\vrpn-version_07.35\pc_win32\debug\vrpn_button.sbr
g:\vrpn-version_07.35\vrpn-version_07.35\pc_win32\debug\vrpn_button_ni_dio24.sbr
g:\vrpn-version_07.35\vrpn-version_07.35\pc_win32\debug\vrpn_button_usb.sbr
g:\vrpn-version_07.35\vrpn-version_07.35\pc_win32\debug\vrpn_cerealbox.sbr
g:\vrpn-version_07.35\vrpn-version_07.35\pc_win32\debug\vrpn_chproducts_controller_raw.sbr
g:\vrpn-version_07.35\vrpn-version_07.35\pc_win32\debug\vrpn_connection.sbr
g:\vrpn-version_07.35\vrpn-version_07.35\pc_win32\debug\vrpn_contour.sbr
g:\vrpn-version_07.35\vrpn-version_07.35\pc_win32\debug\vrpn_devinput.sbr
g:\vrpn-version_07.35\vrpn-version_07.35\pc_win32\debug\vrpn_dial.sbr
g:\vrpn-version_07.35\vrpn-version_07.35\pc_win32\debug\vrpn_directxffjoystick.sbr
g:\vrpn-version_07.35\vrpn-version_07.35\pc_win32\debug\vrpn_directxrumblepad.sbr
g:\vrpn-version_07.35\vrpn-version_07.35\pc_win32\debug\vrpn_dreamcheeky.sbr
g:\vrpn-version_07.35\vrpn-version_07.35\pc_win32\debug\vrpn_dyna.sbr
g:\vrpn-version_07.35\vrpn-version_07.35\pc_win32\debug\vrpn_endpointcontainer.sbr
g:\vrpn-version_07.35\vrpn-version_07.35\pc_win32\debug\vrpn_event.sbr
g:\vrpn-version_07.35\vrpn-version_07.35\pc_win32\debug\vrpn_event_analog.sbr
g:\vrpn-version_07.35\vrpn-version_07.35\pc_win32\debug\vrpn_event_mouse.sbr
g:\vrpn-version_07.35\vrpn-version_07.35\pc_win32\debug\vrpn_fileconnection.sbr
g:\vrpn-version_07.35\vrpn-version_07.35\pc_win32\debug\vrpn_filecontroller.sbr
g:\vrpn-version_07.35\vrpn-version_07.35\pc_win32\debug\vrpn_flock.sbr
g:\vrpn-version_07.35\vrpn-version_07.35\pc_win32\debug\vrpn_flock_parallel.sbr
g:\vrpn-version_07.35\vrpn-version_07.35\pc_win32\debug\vrpn_forcedevice.sbr
g:\vrpn-version_07.35\vrpn-version_07.35\pc_win32\debug\vrpn_forcedeviceserver.sbr
g:\vrpn-version_07.35\vrpn-version_07.35\pc_win32\debug\vrpn_forwarder.sbr
g:\vrpn-version_07.35\vrpn-version_07.35\pc_win32\debug\vrpn_forwardercontroller.sbr
g:\vrpn-version_07.35\vrpn-version_07.35\pc_win32\debug\vrpn_freespace.sbr
g:\vrpn-version_07.35\vrpn-version_07.35\pc_win32\debug\vrpn_functiongenerator.sbr
g:\vrpn-version_07.35\vrpn-version_07.35\pc_win32\debug\vrpn_futaba.sbr
g:\vrpn-version_07.35\vrpn-version_07.35\pc_win32\debug\vrpn_globalhapticsorb.sbr
g:\vrpn-version_07.35\vrpn-version_07.35\pc_win32\debug\vrpn_griffin.sbr
g:\vrpn-version_07.35\vrpn-version_07.35\pc_win32\debug\vrpn_humaninterface.sbr
g:\vrpn-version_07.35\vrpn-version_07.35\pc_win32\debug\vrpn_idea.sbr
g:\vrpn-version_07.35\vrpn-version_07.35\pc_win32\debug\vrpn_imager.sbr
g:\vrpn-version_07.35\vrpn-version_07.35\pc_win32\debug\vrpn_imager_stream_buffer.sbr
g:\vrpn-version_07.35\vrpn-version_07.35\pc_win32\debug\vrpn_immersionbox.sbr
g:\vrpn-version_07.35\vrpn-version_07.35\pc_win32\debug\vrpn_inertiamouse.sbr
g:\vrpn-version_07.35\vrpn-version_07.35\pc_win32\debug\vrpn_joyfly.sbr
g:\vrpn-version_07.35\vrpn-version_07.35\pc_win32\debug\vrpn_joylin.sbr
g:\vrpn-version_07.35\vrpn-version_07.35\pc_win32\debug\vrpn_joywin32.sbr
g:\vrpn-version_07.35\vrpn-version_07.35\pc_win32\debug\vrpn_keyboard.sbr
g:\vrpn-version_07.35\vrpn-version_07.35\pc_win32\debug\vrpn_lamportclock.sbr
g:\vrpn-version_07.35\vrpn-version_07.35\pc_win32\debug\vrpn_laputa.sbr
g:\vrpn-version_07.35\vrpn-version_07.35\pc_win32\debug\vrpn_local_hidapi.sbr
g:\vrpn-version_07.35\vrpn-version_07.35\pc_win32\debug\vrpn_logitech_controller_raw.sbr
g:\vrpn-version_07.35\vrpn-version_07.35\pc_win32\debug\vrpn_ludl.sbr
g:\vrpn-version_07.35\vrpn-version_07.35\pc_win32\debug\vrpn_magellan.sbr
g:\vrpn-version_07.35\vrpn-version_07.35\pc_win32\debug\vrpn_microsoft_controller_raw.sbr
g:\vrpn-version_07.35\vrpn-version_07.35\pc_win32\debug\vrpn_mouse.sbr
g:\vrpn-version_07.35\vrpn-version_07.35\pc_win32\debug\vrpn_mutex.sbr
g:\vrpn-version_07.35\vrpn-version_07.35\pc_win32\debug\vrpn_nationalinstruments.sbr
g:\vrpn-version_07.35\vrpn-version_07.35\pc_win32\debug\vrpn_nidaq.sbr
g:\vrpn-version_07.35\vrpn-version_07.35\pc_win32\debug\vrpn_nikon_controls.sbr
g:\vrpn-version_07.35\vrpn-version_07.35\pc_win32\debug\vrpn_nvidia_shield_controller.sbr
g:\vrpn-version_07.35\vrpn-version_07.35\pc_win32\debug\vrpn_oculus.sbr
g:\vrpn-version_07.35\vrpn-version_07.35\pc_win32\debug\vrpn_omegatemperature.sbr
g:\vrpn-version_07.35\vrpn-version_07.35\pc_win32\debug\vrpn_poser.sbr
g:\vrpn-version_07.35\vrpn-version_07.35\pc_win32\debug\vrpn_poser_analog.sbr
g:\vrpn-version_07.35\vrpn-version_07.35\pc_win32\debug\vrpn_poser_tek4662.sbr
g:\vrpn-version_07.35\vrpn-version_07.35\pc_win32\debug\vrpn_raw_sgibox.sbr
g:\vrpn-version_07.35\vrpn-version_07.35\pc_win32\debug\vrpn_redundanttransmission.sbr
g:\vrpn-version_07.35\vrpn-version_07.35\pc_win32\debug\vrpn_retrolink.sbr
g:\vrpn-version_07.35\vrpn-version_07.35\pc_win32\debug\vrpn_saitek_controller_raw.sbr
g:\vrpn-version_07.35\vrpn-version_07.35\pc_win32\debug\vrpn_serial.sbr
g:\vrpn-version_07.35\vrpn-version_07.35\pc_win32\debug\vrpn_serialport.sbr
g:\vrpn-version_07.35\vrpn-version_07.35\pc_win32\debug\vrpn_sgibox.sbr
g:\vrpn-version_07.35\vrpn-version_07.35\pc_win32\debug\vrpn_shared.sbr
g:\vrpn-version_07.35\vrpn-version_07.35\pc_win32\debug\vrpn_sharedobject.sbr
g:\vrpn-version_07.35\vrpn-version_07.35\pc_win32\debug\vrpn_sound.sbr
g:\vrpn-version_07.35\vrpn-version_07.35\pc_win32\debug\vrpn_spaceball.sbr
g:\vrpn-version_07.35\vrpn-version_07.35\pc_win32\debug\vrpn_streaming_arduino.sbr
g:\vrpn-version_07.35\vrpn-version_07.35\pc_win32\debug\vrpn_text.sbr
g:\vrpn-version_07.35\vrpn-version_07.35\pc_win32\debug\vrpn_thread.sbr
g:\vrpn-version_07.35\vrpn-version_07.35\pc_win32\debug\vrpn_tng3.sbr
g:\vrpn-version_07.35\vrpn-version_07.35\pc_win32\debug\vrpn_tracker.sbr
g:\vrpn-version_07.35\vrpn-version_07.35\pc_win32\debug\vrpn_tracker_3dmouse.sbr
g:\vrpn-version_07.35\vrpn-version_07.35\pc_win32\debug\vrpn_tracker_analogfly.sbr
g:\vrpn-version_07.35\vrpn-version_07.35\pc_win32\debug\vrpn_tracker_buttonfly.sbr
g:\vrpn-version_07.35\vrpn-version_07.35\pc_win32\debug\vrpn_tracker_colibri.sbr
g:\vrpn-version_07.35\vrpn-version_07.35\pc_win32\debug\vrpn_tracker_crossbow.sbr
g:\vrpn-version_07.35\vrpn-version_07.35\pc_win32\debug\vrpn_tracker_dtrack.sbr
g:\vrpn-version_07.35\vrpn-version_07.35\pc_win32\debug\vrpn_tracker_fastrak.sbr
g:\vrpn-version_07.35\vrpn-version_07.35\pc_win32\debug\vrpn_tracker_filter.sbr
g:\vrpn-version_07.35\vrpn-version_07.35\pc_win32\debug\vrpn_tracker_gametrak.sbr
g:\vrpn-version_07.35\vrpn-version_07.35\pc_win32\debug\vrpn_tracker_gps.sbr
g:\vrpn-version_07.35\vrpn-version_07.35\pc_win32\debug\vrpn_tracker_imu.sbr
g:\vrpn-version_07.35\vrpn-version_07.35\pc_win32\debug\vrpn_tracker_isense.sbr
g:\vrpn-version_07.35\vrpn-version_07.35\pc_win32\debug\vrpn_tracker_isotrak.sbr
g:\vrpn-version_07.35\vrpn-version_07.35\pc_win32\debug\vrpn_tracker_jsonnet.sbr
g:\vrpn-version_07.35\vrpn-version_07.35\pc_win32\debug\vrpn_tracker_liberty.sbr
g:\vrpn-version_07.35\vrpn-version_07.35\pc_win32\debug\vrpn_tracker_libertyhs.sbr
g:\vrpn-version_07.35\vrpn-version_07.35\pc_win32\debug\vrpn_tracker_motionnode.sbr
g:\vrpn-version_07.35\vrpn-version_07.35\pc_win32\debug\vrpn_tracker_ndi_polaris.sbr
g:\vrpn-version_07.35\vrpn-version_07.35\pc_win32\debug\vrpn_tracker_novintfalcon.sbr
g:\vrpn-version_07.35\vrpn-version_07.35\pc_win32\debug\vrpn_tracker_osvrhackerdevkit.sbr
g:\vrpn-version_07.35\vrpn-version_07.35\pc_win32\debug\vrpn_tracker_pdi.sbr
g:\vrpn-version_07.35\vrpn-version_07.35\pc_win32\debug\vrpn_tracker_phasespace.sbr
g:\vrpn-version_07.35\vrpn-version_07.35\pc_win32\debug\vrpn_tracker_razerhydra.sbr
g:\vrpn-version_07.35\vrpn-version_07.35\pc_win32\debug\vrpn_tracker_spacepoint.sbr
g:\vrpn-version_07.35\vrpn-version_07.35\pc_win32\debug\vrpn_tracker_thalmiclabsmyo.sbr
g:\vrpn-version_07.35\vrpn-version_07.35\pc_win32\debug\vrpn_tracker_trivisiocolibri.sbr
g:\vrpn-version_07.35\vrpn-version_07.35\pc_win32\debug\vrpn_tracker_viewpoint.sbr
g:\vrpn-version_07.35\vrpn-version_07.35\pc_win32\debug\vrpn_tracker_wiimotehead.sbr
g:\vrpn-version_07.35\vrpn-version_07.35\pc_win32\debug\vrpn_tracker_wintracker.sbr
g:\vrpn-version_07.35\vrpn-version_07.35\pc_win32\debug\vrpn_tracker_zsight.sbr
g:\vrpn-version_07.35\vrpn-version_07.35\pc_win32\debug\vrpn_unc_joystick.sbr
g:\vrpn-version_07.35\vrpn-version_07.35\pc_win32\debug\vrpn_vality.sbr
g:\vrpn-version_07.35\vrpn-version_07.35\pc_win32\debug\vrpn_vpjoystick.sbr
g:\vrpn-version_07.35\vrpn-version_07.35\pc_win32\debug\vrpn_wanda.sbr
g:\vrpn-version_07.35\vrpn-version_07.35\pc_win32\debug\vrpn_wiimote.sbr
g:\vrpn-version_07.35\vrpn-version_07.35\pc_win32\debug\vrpn_xinputgamepad.sbr
g:\vrpn-version_07.35\vrpn-version_07.35\pc_win32\debug\vrpn_xkeys.sbr
g:\vrpn-version_07.35\vrpn-version_07.35\pc_win32\debug\vrpn_yei_3space.sbr
g:\vrpn-version_07.35\vrpn-version_07.35\pc_win32\debug\vrpn_zaber.sbr
g:\vrpn-version_07.35\vrpn-version_07.35\pc_win32\debug\vrpn_chproducts_controller_raw.obj
g:\vrpn-version_07.35\vrpn-version_07.35\pc_win32\debug\vrpn_cerealbox.obj
g:\vrpn-version_07.35\vrpn-version_07.35\pc_win32\debug\vrpn_button_usb.obj
g:\vrpn-version_07.35\vrpn-version_07.35\pc_win32\debug\vrpn_button_ni_dio24.obj
g:\vrpn-version_07.35\vrpn-version_07.35\pc_win32\debug\vrpn_button.obj
g:\vrpn-version_07.35\vrpn-version_07.35\pc_win32\debug\vrpn_biosciencestools.obj
g:\vrpn-version_07.35\vrpn-version_07.35\pc_win32\debug\vrpn_baseclass.obj
g:\vrpn-version_07.35\vrpn-version_07.35\pc_win32\debug\vrpn_auxiliary_logger.obj
g:\vrpn-version_07.35\vrpn-version_07.35\pc_win32\debug\vrpn_assert.obj
g:\vrpn-version_07.35\vrpn-version_07.35\pc_win32\debug\vrpn_analog_usdigital_a2.obj
g:\vrpn-version_07.35\vrpn-version_07.35\pc_win32\debug\vrpn_analog_radamec_spi.obj
g:\vrpn-version_07.35\vrpn-version_07.35\pc_win32\debug\vrpn_analog_output.obj
g:\vrpn-version_07.35\vrpn-version_07.35\pc_win32\debug\vrpn_analog_5dtusb.obj
g:\vrpn-version_07.35\vrpn-version_07.35\pc_win32\debug\vrpn_analog_5dt.obj
g:\vrpn-version_07.35\vrpn-version_07.35\pc_win32\debug\vrpn_analog.obj
g:\vrpn-version_07.35\vrpn-version_07.35\pc_win32\debug\vrpn_adbox.obj
g:\vrpn-version_07.35\vrpn-version_07.35\pc_win32\debug\vrpn_5dt16.obj
g:\vrpn-version_07.35\vrpn-version_07.35\pc_win32\debug\vrpn_3space.obj
g:\vrpn-version_07.35\vrpn-version_07.35\pc_win32\debug\vrpn_3dmicroscribe.obj
g:\vrpn-version_07.35\vrpn-version_07.35\pc_win32\debug\vrpn_3dconnexion.obj
g:\vrpn-version_07.35\vrpn-version_07.35\pc_win32\debug\vrpn_forwardercontroller.obj
g:\vrpn-version_07.35\vrpn-version_07.35\pc_win32\debug\vrpn_forwarder.obj
g:\vrpn-version_07.35\vrpn-version_07.35\pc_win32\debug\vrpn_forcedeviceserver.obj
g:\vrpn-version_07.35\vrpn-version_07.35\pc_win32\debug\vrpn_forcedevice.obj
g:\vrpn-version_07.35\vrpn-version_07.35\pc_win32\debug\vrpn_flock_parallel.obj
g:\vrpn-version_07.35\vrpn-version_07.35\pc_win32\debug\vrpn_flock.obj
g:\vrpn-version_07.35\vrpn-version_07.35\pc_win32\debug\vrpn_filecontroller.obj
g:\vrpn-version_07.35\vrpn-version_07.35\pc_win32\debug\vrpn_fileconnection.obj
g:\vrpn-version_07.35\vrpn-version_07.35\pc_win32\debug\vrpn_event_mouse.obj
g:\vrpn-version_07.35\vrpn-version_07.35\pc_win32\debug\vrpn_event_analog.obj
g:\vrpn-version_07.35\vrpn-version_07.35\pc_win32\debug\vrpn_event.obj
g:\vrpn-version_07.35\vrpn-version_07.35\pc_win32\debug\vrpn_endpointcontainer.obj
g:\vrpn-version_07.35\vrpn-version_07.35\pc_win32\debug\vrpn_dyna.obj
g:\vrpn-version_07.35\vrpn-version_07.35\pc_win32\debug\vrpn_dreamcheeky.obj
g:\vrpn-version_07.35\vrpn-version_07.35\pc_win32\debug\vrpn_directxrumblepad.obj
g:\vrpn-version_07.35\vrpn-version_07.35\pc_win32\debug\vrpn_directxffjoystick.obj
g:\vrpn-version_07.35\vrpn-version_07.35\pc_win32\debug\vrpn_dial.obj
g:\vrpn-version_07.35\vrpn-version_07.35\pc_win32\debug\vrpn_devinput.obj
g:\vrpn-version_07.35\vrpn-version_07.35\pc_win32\debug\vrpn_contour.obj
g:\vrpn-version_07.35\vrpn-version_07.35\pc_win32\debug\vrpn_connection.obj
g:\vrpn-version_07.35\vrpn-version_07.35\pc_win32\debug\vrpn_ludl.obj
g:\vrpn-version_07.35\vrpn-version_07.35\pc_win32\debug\vrpn_logitech_controller_raw.obj
g:\vrpn-version_07.35\vrpn-version_07.35\pc_win32\debug\vrpn_local_hidapi.obj
g:\vrpn-version_07.35\vrpn-version_07.35\pc_win32\debug\vrpn_laputa.obj
g:\vrpn-version_07.35\vrpn-version_07.35\pc_win32\debug\vrpn_lamportclock.obj
g:\vrpn-version_07.35\vrpn-version_07.35\pc_win32\debug\vrpn_keyboard.obj
g:\vrpn-version_07.35\vrpn-version_07.35\pc_win32\debug\vrpn_joywin32.obj
g:\vrpn-version_07.35\vrpn-version_07.35\pc_win32\debug\vrpn_joylin.obj
g:\vrpn-version_07.35\vrpn-version_07.35\pc_win32\debug\vrpn_joyfly.obj
g:\vrpn-version_07.35\vrpn-version_07.35\pc_win32\debug\vrpn_inertiamouse.obj
g:\vrpn-version_07.35\vrpn-version_07.35\pc_win32\debug\vrpn_immersionbox.obj
g:\vrpn-version_07.35\vrpn-version_07.35\pc_win32\debug\vrpn_imager_stream_buffer.obj
g:\vrpn-version_07.35\vrpn-version_07.35\pc_win32\debug\vrpn_imager.obj
g:\vrpn-version_07.35\vrpn-version_07.35\pc_win32\debug\vrpn_idea.obj
g:\vrpn-version_07.35\vrpn-version_07.35\pc_win32\debug\vrpn_humaninterface.obj
g:\vrpn-version_07.35\vrpn-version_07.35\pc_win32\debug\vrpn_griffin.obj
g:\vrpn-version_07.35\vrpn-version_07.35\pc_win32\debug\vrpn_globalhapticsorb.obj
g:\vrpn-version_07.35\vrpn-version_07.35\pc_win32\debug\vrpn_futaba.obj
g:\vrpn-version_07.35\vrpn-version_07.35\pc_win32\debug\vrpn_functiongenerator.obj
g:\vrpn-version_07.35\vrpn-version_07.35\pc_win32\debug\vrpn_freespace.obj
g:\vrpn-version_07.35\vrpn-version_07.35\pc_win32\debug\vrpn_sgibox.obj
g:\vrpn-version_07.35\vrpn-version_07.35\pc_win32\debug\vrpn_serialport.obj
g:\vrpn-version_07.35\vrpn-version_07.35\pc_win32\debug\vrpn_serial.obj
g:\vrpn-version_07.35\vrpn-version_07.35\pc_win32\debug\vrpn_saitek_controller_raw.obj
g:\vrpn-version_07.35\vrpn-version_07.35\pc_win32\debug\vrpn_retrolink.obj
g:\vrpn-version_07.35\vrpn-version_07.35\pc_win32\debug\vrpn_redundanttransmission.obj
g:\vrpn-version_07.35\vrpn-version_07.35\pc_win32\debug\vrpn_raw_sgibox.obj
g:\vrpn-version_07.35\vrpn-version_07.35\pc_win32\debug\vrpn_poser_tek4662.obj
g:\vrpn-version_07.35\vrpn-version_07.35\pc_win32\debug\vrpn_poser_analog.obj
g:\vrpn-version_07.35\vrpn-version_07.35\pc_win32\debug\vrpn_poser.obj
g:\vrpn-version_07.35\vrpn-version_07.35\pc_win32\debug\vrpn_omegatemperature.obj
g:\vrpn-version_07.35\vrpn-version_07.35\pc_win32\debug\vrpn_oculus.obj
g:\vrpn-version_07.35\vrpn-version_07.35\pc_win32\debug\vrpn_nvidia_shield_controller.obj
g:\vrpn-version_07.35\vrpn-version_07.35\pc_win32\debug\vrpn_nikon_controls.obj
g:\vrpn-version_07.35\vrpn-version_07.35\pc_win32\debug\vrpn_nidaq.obj
g:\vrpn-version_07.35\vrpn-version_07.35\pc_win32\debug\vrpn_nationalinstruments.obj
g:\vrpn-version_07.35\vrpn-version_07.35\pc_win32\debug\vrpn_mutex.obj
g:\vrpn-version_07.35\vrpn-version_07.35\pc_win32\debug\vrpn_mouse.obj
g:\vrpn-version_07.35\vrpn-version_07.35\pc_win32\debug\vrpn_microsoft_controller_raw.obj
g:\vrpn-version_07.35\vrpn-version_07.35\pc_win32\debug\vrpn_magellan.obj
g:\vrpn-version_07.35\vrpn-version_07.35\pc_win32\debug\vrpn_tracker_imu.obj
g:\vrpn-version_07.35\vrpn-version_07.35\pc_win32\debug\vrpn_tracker_gps.obj
g:\vrpn-version_07.35\vrpn-version_07.35\pc_win32\debug\vrpn_tracker_gametrak.obj
g:\vrpn-version_07.35\vrpn-version_07.35\pc_win32\debug\vrpn_tracker_filter.obj
g:\vrpn-version_07.35\vrpn-version_07.35\pc_win32\debug\vrpn_tracker_fastrak.obj
g:\vrpn-version_07.35\vrpn-version_07.35\pc_win32\debug\vrpn_tracker_dtrack.obj
g:\vrpn-version_07.35\vrpn-version_07.35\pc_win32\debug\vrpn_tracker_crossbow.obj
g:\vrpn-version_07.35\vrpn-version_07.35\pc_win32\debug\vrpn_tracker_colibri.obj
g:\vrpn-version_07.35\vrpn-version_07.35\pc_win32\debug\vrpn_tracker_buttonfly.obj
g:\vrpn-version_07.35\vrpn-version_07.35\pc_win32\debug\vrpn_tracker_analogfly.obj
g:\vrpn-version_07.35\vrpn-version_07.35\pc_win32\debug\vrpn_tracker_3dmouse.obj
g:\vrpn-version_07.35\vrpn-version_07.35\pc_win32\debug\vrpn_tracker.obj
g:\vrpn-version_07.35\vrpn-version_07.35\pc_win32\debug\vrpn_tng3.obj
g:\vrpn-version_07.35\vrpn-version_07.35\pc_win32\debug\vrpn_thread.obj
g:\vrpn-version_07.35\vrpn-version_07.35\pc_win32\debug\vrpn_text.obj
g:\vrpn-version_07.35\vrpn-version_07.35\pc_win32\debug\vrpn_streaming_arduino.obj
g:\vrpn-version_07.35\vrpn-version_07.35\pc_win32\debug\vrpn_spaceball.obj
g:\vrpn-version_07.35\vrpn-version_07.35\pc_win32\debug\vrpn_sound.obj
g:\vrpn-version_07.35\vrpn-version_07.35\pc_win32\debug\vrpn_sharedobject.obj
g:\vrpn-version_07.35\vrpn-version_07.35\pc_win32\debug\vrpn_shared.obj
g:\vrpn-version_07.35\vrpn-version_07.35\pc_win32\debug\vrpn_unc_joystick.obj
g:\vrpn-version_07.35\vrpn-version_07.35\pc_win32\debug\vrpn_tracker_zsight.obj
g:\vrpn-version_07.35\vrpn-version_07.35\pc_win32\debug\vrpn_tracker_wintracker.obj
g:\vrpn-version_07.35\vrpn-version_07.35\pc_win32\debug\vrpn_tracker_wiimotehead.obj
g:\vrpn-version_07.35\vrpn-version_07.35\pc_win32\debug\vrpn_tracker_viewpoint.obj
g:\vrpn-version_07.35\vrpn-version_07.35\pc_win32\debug\vrpn_tracker_trivisiocolibri.obj
g:\vrpn-version_07.35\vrpn-version_07.35\pc_win32\debug\vrpn_tracker_thalmiclabsmyo.obj
g:\vrpn-version_07.35\vrpn-version_07.35\pc_win32\debug\vrpn_tracker_spacepoint.obj
g:\vrpn-version_07.35\vrpn-version_07.35\pc_win32\debug\vrpn_tracker_razerhydra.obj
g:\vrpn-version_07.35\vrpn-version_07.35\pc_win32\debug\vrpn_tracker_phasespace.obj
g:\vrpn-version_07.35\vrpn-version_07.35\pc_win32\debug\vrpn_tracker_pdi.obj
g:\vrpn-version_07.35\vrpn-version_07.35\pc_win32\debug\vrpn_tracker_osvrhackerdevkit.obj
g:\vrpn-version_07.35\vrpn-version_07.35\pc_win32\debug\vrpn_tracker_novintfalcon.obj
g:\vrpn-version_07.35\vrpn-version_07.35\pc_win32\debug\vrpn_tracker_ndi_polaris.obj
g:\vrpn-version_07.35\vrpn-version_07.35\pc_win32\debug\vrpn_tracker_motionnode.obj
g:\vrpn-version_07.35\vrpn-version_07.35\pc_win32\debug\vrpn_tracker_libertyhs.obj
g:\vrpn-version_07.35\vrpn-version_07.35\pc_win32\debug\vrpn_tracker_liberty.obj
g:\vrpn-version_07.35\vrpn-version_07.35\pc_win32\debug\vrpn_tracker_jsonnet.obj
g:\vrpn-version_07.35\vrpn-version_07.35\pc_win32\debug\vrpn_tracker_isotrak.obj
g:\vrpn-version_07.35\vrpn-version_07.35\pc_win32\debug\vrpn_tracker_isense.obj
g:\vrpn-version_07.35\vrpn-version_07.35\pc_win32\debug\vrpn_zaber.obj
g:\vrpn-version_07.35\vrpn-version_07.35\pc_win32\debug\vrpn_yei_3space.obj
g:\vrpn-version_07.35\vrpn-version_07.35\pc_win32\debug\vrpn_xkeys.obj
g:\vrpn-version_07.35\vrpn-version_07.35\pc_win32\debug\vrpn_xinputgamepad.obj
g:\vrpn-version_07.35\vrpn-version_07.35\pc_win32\debug\vrpn_wiimote.obj
g:\vrpn-version_07.35\vrpn-version_07.35\pc_win32\debug\vrpn_wanda.obj
g:\vrpn-version_07.35\vrpn-version_07.35\pc_win32\debug\vrpn_vpjoystick.obj
g:\vrpn-version_07.35\vrpn-version_07.35\pc_win32\debug\vrpn_vality.obj
g:\vrpn-version_07.35\vrpn-version_07.35\pc_win32\debug\vrpn.lib
g:\vrpn-version_07.35\vrpn-version_07.35\pc_win32\debug\vrpn.bsc
g:\vrpn-version_07.35\vrpn-version_07.35\pc_win32\debug\make_vrpn_libs_build.obj
g:\vrpn-version_07.35\vrpn-version_07.35\pc_win32\debug\make_vrpn_libs_build.ilk
g:\vrpn-version_07.35\vrpn-version_07.35\pc_win32\debug\vc143.idb
g:\vrpn-version_07.35\vrpn-version_07.35\pc_win32\debug\vc143.pdb
g:\vrpn-version_07.35\vrpn-version_07.35\pc_win32\debug\make_vrpn_libs_build.pdb
g:\vrpn-version_07.35\vrpn-version_07.35\pc_win32\debug\vrpn.tlog\cl.read.1.tlog
g:\vrpn-version_07.35\vrpn-version_07.35\pc_win32\debug\vrpn.tlog\cl.write.1.tlog
g:\vrpn-version_07.35\vrpn-version_07.35\pc_win32\debug\vrpn.tlog\cl.command.1.tlog
g:\vrpn-version_07.35\vrpn-version_07.35\pc_win32\debug\vrpn.tlog\lib.command.1.tlog
g:\vrpn-version_07.35\vrpn-version_07.35\pc_win32\debug\vrpn.tlog\bscmake.command.1.tlog
g:\vrpn-version_07.35\vrpn-version_07.35\pc_win32\debug\vrpn.tlog\lib-link.read.1.tlog
g:\vrpn-version_07.35\vrpn-version_07.35\pc_win32\debug\vrpn.tlog\lib-link.write.1.tlog
g:\vrpn-version_07.35\vrpn-version_07.35\pc_win32\debug\vrpn.tlog\bscmake.read.1.tlog
g:\vrpn-version_07.35\vrpn-version_07.35\pc_win32\debug\vrpn.tlog\bscmake.write.1.tlog
