g:\vrpn-version_07.35\vrpn-version_07.35\pc_win32\dll\debug\vc143.pdb
g:\vrpn-version_07.35\vrpn-version_07.35\pc_win32\dll\debug\vc143.idb
g:\vrpn-version_07.35\vrpn-version_07.35\pc_win32\dll\debug\vrpn_tracker_novintfalcon.obj
g:\vrpn-version_07.35\vrpn-version_07.35\pc_win32\dll\debug\vrpn_tracker_osvrhackerdevkit.obj
g:\vrpn-version_07.35\vrpn-version_07.35\pc_win32\dll\debug\vrpn_tracker_pdi.obj
g:\vrpn-version_07.35\vrpn-version_07.35\pc_win32\dll\debug\vrpn_tracker_phasespace.obj
g:\vrpn-version_07.35\vrpn-version_07.35\pc_win32\dll\debug\vrpn_tracker_razerhydra.obj
g:\vrpn-version_07.35\vrpn-version_07.35\pc_win32\dll\debug\vrpn_tracker_spacepoint.obj
g:\vrpn-version_07.35\vrpn-version_07.35\pc_win32\dll\debug\vrpn_tracker_thalmiclabsmyo.obj
g:\vrpn-version_07.35\vrpn-version_07.35\pc_win32\dll\debug\vrpn_tracker_trivisiocolibri.obj
g:\vrpn-version_07.35\vrpn-version_07.35\pc_win32\dll\debug\vrpn_tracker_viewpoint.obj
g:\vrpn-version_07.35\vrpn-version_07.35\pc_win32\dll\debug\vrpn_tracker_wiimotehead.obj
g:\vrpn-version_07.35\vrpn-version_07.35\pc_win32\dll\debug\vrpn_tracker_wintracker.obj
g:\vrpn-version_07.35\vrpn-version_07.35\pc_win32\dll\debug\vrpn_tracker_zsight.obj
g:\vrpn-version_07.35\vrpn-version_07.35\pc_win32\dll\debug\vrpn_unc_joystick.obj
g:\vrpn-version_07.35\vrpn-version_07.35\pc_win32\dll\debug\vrpn_vality.obj
g:\vrpn-version_07.35\vrpn-version_07.35\pc_win32\dll\debug\vrpn_wanda.obj
g:\vrpn-version_07.35\vrpn-version_07.35\pc_win32\dll\debug\vrpn_wiimote.obj
g:\vrpn-version_07.35\vrpn-version_07.35\pc_win32\dll\debug\vrpn_xinputgamepad.obj
g:\vrpn-version_07.35\vrpn-version_07.35\pc_win32\dll\debug\vrpn_xkeys.obj
g:\vrpn-version_07.35\vrpn-version_07.35\pc_win32\dll\debug\vrpn_yei_3space.obj
g:\vrpn-version_07.35\vrpn-version_07.35\pc_win32\dll\debug\vrpn_zaber.obj
g:\vrpn-version_07.35\vrpn-version_07.35\pc_win32\dll\debug\vrpn_tng3.obj
g:\vrpn-version_07.35\vrpn-version_07.35\pc_win32\dll\debug\vrpn_tracker.obj
g:\vrpn-version_07.35\vrpn-version_07.35\pc_win32\dll\debug\vrpn_tracker_3dmouse.obj
g:\vrpn-version_07.35\vrpn-version_07.35\pc_win32\dll\debug\vrpn_tracker_analogfly.obj
g:\vrpn-version_07.35\vrpn-version_07.35\pc_win32\dll\debug\vrpn_tracker_buttonfly.obj
g:\vrpn-version_07.35\vrpn-version_07.35\pc_win32\dll\debug\vrpn_tracker_colibri.obj
g:\vrpn-version_07.35\vrpn-version_07.35\pc_win32\dll\debug\vrpn_tracker_crossbow.obj
g:\vrpn-version_07.35\vrpn-version_07.35\pc_win32\dll\debug\vrpn_tracker_dtrack.obj
g:\vrpn-version_07.35\vrpn-version_07.35\pc_win32\dll\debug\vrpn_tracker_fastrak.obj
g:\vrpn-version_07.35\vrpn-version_07.35\pc_win32\dll\debug\vrpn_tracker_filter.obj
g:\vrpn-version_07.35\vrpn-version_07.35\pc_win32\dll\debug\vrpn_tracker_gametrak.obj
g:\vrpn-version_07.35\vrpn-version_07.35\pc_win32\dll\debug\vrpn_tracker_gps.obj
g:\vrpn-version_07.35\vrpn-version_07.35\pc_win32\dll\debug\vrpn_tracker_imu.obj
g:\vrpn-version_07.35\vrpn-version_07.35\pc_win32\dll\debug\vrpn_tracker_isense.obj
g:\vrpn-version_07.35\vrpn-version_07.35\pc_win32\dll\debug\vrpn_tracker_isotrak.obj
g:\vrpn-version_07.35\vrpn-version_07.35\pc_win32\dll\debug\vrpn_tracker_jsonnet.obj
g:\vrpn-version_07.35\vrpn-version_07.35\pc_win32\dll\debug\vrpn_tracker_liberty.obj
g:\vrpn-version_07.35\vrpn-version_07.35\pc_win32\dll\debug\vrpn_tracker_libertyhs.obj
g:\vrpn-version_07.35\vrpn-version_07.35\pc_win32\dll\debug\vrpn_tracker_motionnode.obj
g:\vrpn-version_07.35\vrpn-version_07.35\pc_win32\dll\debug\vrpn_tracker_ndi_polaris.obj
g:\vrpn-version_07.35\vrpn-version_07.35\pc_win32\dll\debug\vrpn_nvidia_shield_controller.obj
g:\vrpn-version_07.35\vrpn-version_07.35\pc_win32\dll\debug\vrpn_oculus.obj
g:\vrpn-version_07.35\vrpn-version_07.35\pc_win32\dll\debug\vrpn_omegatemperature.obj
g:\vrpn-version_07.35\vrpn-version_07.35\pc_win32\dll\debug\vrpn_poser.obj
g:\vrpn-version_07.35\vrpn-version_07.35\pc_win32\dll\debug\vrpn_poser_analog.obj
g:\vrpn-version_07.35\vrpn-version_07.35\pc_win32\dll\debug\vrpn_poser_tek4662.obj
g:\vrpn-version_07.35\vrpn-version_07.35\pc_win32\dll\debug\vrpn_raw_sgibox.obj
g:\vrpn-version_07.35\vrpn-version_07.35\pc_win32\dll\debug\vrpn_redundanttransmission.obj
g:\vrpn-version_07.35\vrpn-version_07.35\pc_win32\dll\debug\vrpn_retrolink.obj
g:\vrpn-version_07.35\vrpn-version_07.35\pc_win32\dll\debug\vrpn_saitek_controller_raw.obj
g:\vrpn-version_07.35\vrpn-version_07.35\pc_win32\dll\debug\vrpn_serial.obj
g:\vrpn-version_07.35\vrpn-version_07.35\pc_win32\dll\debug\vrpn_serialport.obj
g:\vrpn-version_07.35\vrpn-version_07.35\pc_win32\dll\debug\vrpn_sgibox.obj
g:\vrpn-version_07.35\vrpn-version_07.35\pc_win32\dll\debug\vrpn_shared.obj
g:\vrpn-version_07.35\vrpn-version_07.35\pc_win32\dll\debug\vrpn_sharedobject.obj
g:\vrpn-version_07.35\vrpn-version_07.35\pc_win32\dll\debug\vrpn_sound.obj
g:\vrpn-version_07.35\vrpn-version_07.35\pc_win32\dll\debug\vrpn_spaceball.obj
g:\vrpn-version_07.35\vrpn-version_07.35\pc_win32\dll\debug\vrpn_streaming_arduino.obj
g:\vrpn-version_07.35\vrpn-version_07.35\pc_win32\dll\debug\vrpn_text.obj
g:\vrpn-version_07.35\vrpn-version_07.35\pc_win32\dll\debug\vrpn_thread.obj
g:\vrpn-version_07.35\vrpn-version_07.35\pc_win32\dll\debug\vrpn_imager.obj
g:\vrpn-version_07.35\vrpn-version_07.35\pc_win32\dll\debug\vrpn_imager_stream_buffer.obj
g:\vrpn-version_07.35\vrpn-version_07.35\pc_win32\dll\debug\vrpn_immersionbox.obj
g:\vrpn-version_07.35\vrpn-version_07.35\pc_win32\dll\debug\vrpn_inertiamouse.obj
g:\vrpn-version_07.35\vrpn-version_07.35\pc_win32\dll\debug\vrpn_joyfly.obj
g:\vrpn-version_07.35\vrpn-version_07.35\pc_win32\dll\debug\vrpn_joylin.obj
g:\vrpn-version_07.35\vrpn-version_07.35\pc_win32\dll\debug\vrpn_joywin32.obj
g:\vrpn-version_07.35\vrpn-version_07.35\pc_win32\dll\debug\vrpn_keyboard.obj
g:\vrpn-version_07.35\vrpn-version_07.35\pc_win32\dll\debug\vrpn_lamportclock.obj
g:\vrpn-version_07.35\vrpn-version_07.35\pc_win32\dll\debug\vrpn_laputa.obj
g:\vrpn-version_07.35\vrpn-version_07.35\pc_win32\dll\debug\vrpn_local_hidapi.obj
g:\vrpn-version_07.35\vrpn-version_07.35\pc_win32\dll\debug\vrpn_logitech_controller_raw.obj
g:\vrpn-version_07.35\vrpn-version_07.35\pc_win32\dll\debug\vrpn_ludl.obj
g:\vrpn-version_07.35\vrpn-version_07.35\pc_win32\dll\debug\vrpn_magellan.obj
g:\vrpn-version_07.35\vrpn-version_07.35\pc_win32\dll\debug\vrpn_microsoft_controller_raw.obj
g:\vrpn-version_07.35\vrpn-version_07.35\pc_win32\dll\debug\vrpn_mouse.obj
g:\vrpn-version_07.35\vrpn-version_07.35\pc_win32\dll\debug\vrpn_mutex.obj
g:\vrpn-version_07.35\vrpn-version_07.35\pc_win32\dll\debug\vrpn_nationalinstruments.obj
g:\vrpn-version_07.35\vrpn-version_07.35\pc_win32\dll\debug\vrpn_nidaq.obj
g:\vrpn-version_07.35\vrpn-version_07.35\pc_win32\dll\debug\vrpn_nikon_controls.obj
g:\vrpn-version_07.35\vrpn-version_07.35\pc_win32\dll\debug\vrpn_dyna.obj
g:\vrpn-version_07.35\vrpn-version_07.35\pc_win32\dll\debug\vrpn_endpointcontainer.obj
g:\vrpn-version_07.35\vrpn-version_07.35\pc_win32\dll\debug\vrpn_event.obj
g:\vrpn-version_07.35\vrpn-version_07.35\pc_win32\dll\debug\vrpn_event_analog.obj
g:\vrpn-version_07.35\vrpn-version_07.35\pc_win32\dll\debug\vrpn_event_mouse.obj
g:\vrpn-version_07.35\vrpn-version_07.35\pc_win32\dll\debug\vrpn_fileconnection.obj
g:\vrpn-version_07.35\vrpn-version_07.35\pc_win32\dll\debug\vrpn_filecontroller.obj
g:\vrpn-version_07.35\vrpn-version_07.35\pc_win32\dll\debug\vrpn_flock.obj
g:\vrpn-version_07.35\vrpn-version_07.35\pc_win32\dll\debug\vrpn_flock_parallel.obj
g:\vrpn-version_07.35\vrpn-version_07.35\pc_win32\dll\debug\vrpn_forcedevice.obj
g:\vrpn-version_07.35\vrpn-version_07.35\pc_win32\dll\debug\vrpn_forcedeviceserver.obj
g:\vrpn-version_07.35\vrpn-version_07.35\pc_win32\dll\debug\vrpn_forwarder.obj
g:\vrpn-version_07.35\vrpn-version_07.35\pc_win32\dll\debug\vrpn_forwardercontroller.obj
g:\vrpn-version_07.35\vrpn-version_07.35\pc_win32\dll\debug\vrpn_freespace.obj
g:\vrpn-version_07.35\vrpn-version_07.35\pc_win32\dll\debug\vrpn_functiongenerator.obj
g:\vrpn-version_07.35\vrpn-version_07.35\pc_win32\dll\debug\vrpn_futaba.obj
g:\vrpn-version_07.35\vrpn-version_07.35\pc_win32\dll\debug\vrpn_globalhapticsorb.obj
g:\vrpn-version_07.35\vrpn-version_07.35\pc_win32\dll\debug\vrpn_griffin.obj
g:\vrpn-version_07.35\vrpn-version_07.35\pc_win32\dll\debug\vrpn_humaninterface.obj
g:\vrpn-version_07.35\vrpn-version_07.35\pc_win32\dll\debug\vrpn_idea.obj
g:\vrpn-version_07.35\vrpn-version_07.35\pc_win32\dll\debug\vrpn_analog_5dtusb.obj
g:\vrpn-version_07.35\vrpn-version_07.35\pc_win32\dll\debug\vrpn_analog_output.obj
g:\vrpn-version_07.35\vrpn-version_07.35\pc_win32\dll\debug\vrpn_analog_radamec_spi.obj
g:\vrpn-version_07.35\vrpn-version_07.35\pc_win32\dll\debug\vrpn_analog_usdigital_a2.obj
g:\vrpn-version_07.35\vrpn-version_07.35\pc_win32\dll\debug\vrpn_assert.obj
g:\vrpn-version_07.35\vrpn-version_07.35\pc_win32\dll\debug\vrpn_auxiliary_logger.obj
g:\vrpn-version_07.35\vrpn-version_07.35\pc_win32\dll\debug\vrpn_baseclass.obj
g:\vrpn-version_07.35\vrpn-version_07.35\pc_win32\dll\debug\vrpn_biosciencestools.obj
g:\vrpn-version_07.35\vrpn-version_07.35\pc_win32\dll\debug\vrpn_button.obj
g:\vrpn-version_07.35\vrpn-version_07.35\pc_win32\dll\debug\vrpn_button_ni_dio24.obj
g:\vrpn-version_07.35\vrpn-version_07.35\pc_win32\dll\debug\vrpn_button_usb.obj
g:\vrpn-version_07.35\vrpn-version_07.35\pc_win32\dll\debug\vrpn_cerealbox.obj
g:\vrpn-version_07.35\vrpn-version_07.35\pc_win32\dll\debug\vrpn_chproducts_controller_raw.obj
g:\vrpn-version_07.35\vrpn-version_07.35\pc_win32\dll\debug\vrpn_connection.obj
g:\vrpn-version_07.35\vrpn-version_07.35\pc_win32\dll\debug\vrpn_contour.obj
g:\vrpn-version_07.35\vrpn-version_07.35\pc_win32\dll\debug\vrpn_devinput.obj
g:\vrpn-version_07.35\vrpn-version_07.35\pc_win32\dll\debug\vrpn_dial.obj
g:\vrpn-version_07.35\vrpn-version_07.35\pc_win32\dll\debug\vrpn_directxffjoystick.obj
g:\vrpn-version_07.35\vrpn-version_07.35\pc_win32\dll\debug\vrpn_directxrumblepad.obj
g:\vrpn-version_07.35\vrpn-version_07.35\pc_win32\dll\debug\vrpn_dreamcheeky.obj
g:\vrpn-version_07.35\vrpn-version_07.35\pc_win32\dll\debug\vrpn_3dconnexion.obj
g:\vrpn-version_07.35\vrpn-version_07.35\pc_win32\dll\debug\vrpn_3dmicroscribe.obj
g:\vrpn-version_07.35\vrpn-version_07.35\pc_win32\dll\debug\vrpn_3space.obj
g:\vrpn-version_07.35\vrpn-version_07.35\pc_win32\dll\debug\vrpn_5dt16.obj
g:\vrpn-version_07.35\vrpn-version_07.35\pc_win32\dll\debug\vrpn_adbox.obj
g:\vrpn-version_07.35\vrpn-version_07.35\pc_win32\dll\debug\vrpn_analog.obj
g:\vrpn-version_07.35\vrpn-version_07.35\pc_win32\dll\debug\vrpn_analog_5dt.obj
g:\vrpn-version_07.35\vrpn-version_07.35\pc_win32\dll\debug\vrpndll.ilk
g:\vrpn-version_07.35\vrpn-version_07.35\pc_win32\dll\debug\vrpndll.dll
g:\vrpn-version_07.35\vrpn-version_07.35\pc_win32\dll\debug\vrpndll.pdb
g:\vrpn-version_07.35\vrpn-version_07.35\pc_win32\dll\debug\vrpndll.lib
g:\vrpn-version_07.35\vrpn-version_07.35\pc_win32\dll\debug\vrpndll.exp
g:\vrpn-version_07.35\vrpn-version_07.35\pc_win32\dll\debug\vrpndll.tlog\cl.read.1.tlog
g:\vrpn-version_07.35\vrpn-version_07.35\pc_win32\dll\debug\vrpndll.tlog\cl.write.1.tlog
g:\vrpn-version_07.35\vrpn-version_07.35\pc_win32\dll\debug\vrpndll.tlog\cl.command.1.tlog
g:\vrpn-version_07.35\vrpn-version_07.35\pc_win32\dll\debug\vrpndll.tlog\link.read.1.tlog
g:\vrpn-version_07.35\vrpn-version_07.35\pc_win32\dll\debug\vrpndll.tlog\link.write.1.tlog
g:\vrpn-version_07.35\vrpn-version_07.35\pc_win32\dll\debug\vrpndll.tlog\link.command.1.tlog
g:\vrpn-version_07.35\vrpn-version_07.35\pc_win32\dll\debug\vrpndll.tlog\link.write.2u.tlog
